\BOOKMARK [0][-]{chapter.1}{\376\377\000L\000i\000e\177\244\060\150\000L\000i\000e\116\343\145\160}{}% 1
\BOOKMARK [1][-]{section.1.1}{\376\377\121\154\164\006\166\204\000L\000i\000e\116\343\145\160}{chapter.1}% 2
\BOOKMARK [2][-]{subsection.1.1.1}{\376\377\175\332\127\213\000L\000i\000e\116\343\145\160}{section.1.1}% 3
\BOOKMARK [2][-]{subsection.1.1.2}{\376\377\060\244\060\307\060\242\060\353\060\373\125\106\116\343\145\160}{section.1.1}% 4
\BOOKMARK [2][-]{subsection.1.1.3}{\376\377\156\226\124\014\127\213\060\373\210\150\163\376}{section.1.1}% 5
\BOOKMARK [2][-]{subsection.1.1.4}{\376\377\201\352\135\361\124\014\127\213}{section.1.1}% 6
\BOOKMARK [2][-]{subsection.1.1.5}{\376\377\123\357\211\343\000L\000i\000e\116\343\145\160}{section.1.1}% 7
\BOOKMARK [2][-]{subsection.1.1.6}{\376\377\121\252\226\366\000L\000i\000e\116\343\145\160}{section.1.1}% 8
\BOOKMARK [2][-]{subsection.1.1.7}{\376\377\000E\000n\000g\000e\000l\060\156\133\232\164\006}{section.1.1}% 9
\BOOKMARK [1][-]{section.1.2}{\376\377\000L\000i\000e\177\244\060\150\000L\000i\000e\116\343\145\160\060\156\225\242\117\302}{chapter.1}% 10
\BOOKMARK [0][-]{chapter.2}{\376\377\123\112\123\130\175\024\000L\000i\000e\116\343\145\160}{}% 11
\BOOKMARK [1][-]{section.2.1}{\376\377\000L\000i\000e\060\156\133\232\164\006\060\373\000C\000a\000r\000t\000a\000n\060\156\122\044\133\232\147\141\116\366}{chapter.2}% 12
\BOOKMARK [2][-]{subsection.2.1.1}{\376\377\000L\000i\000e\060\156\133\232\164\006}{section.2.1}% 13
\BOOKMARK [2][-]{subsection.2.1.2}{\376\377\000J\000o\000r\000d\000a\000n\000-\000C\000h\000e\000v\000a\000l\000l\000e\000y\122\006\211\343}{section.2.1}% 14
\BOOKMARK [2][-]{subsection.2.1.3}{\376\377\000C\000a\000r\000t\000a\000n\060\156\122\044\133\232\147\141\116\366}{section.2.1}% 15
\BOOKMARK [1][-]{section.2.2}{\376\377\000K\000i\000l\000l\000i\000n\000g\137\142\137\017}{chapter.2}% 16
\BOOKMARK [1][-]{section.2.3}{\376\377\123\112\123\130\175\024\140\047\060\156\122\044\133\232\147\141\116\366}{chapter.2}% 17
\BOOKMARK [1][-]{section.2.4}{\376\377\123\130\175\024\060\244\060\307\060\242\060\353}{chapter.2}% 18
\BOOKMARK [1][-]{section.2.5}{\376\377\121\205\220\350\137\256\122\006}{chapter.2}% 19
\BOOKMARK [1][-]{section.2.6}{\376\377\142\275\214\141\000J\000o\000r\000d\000a\000n\122\006\211\343}{chapter.2}% 20
\BOOKMARK [1][-]{section.2.7}{\376\377\210\150\163\376\060\156\133\214\121\150\123\357\175\004\140\047}{chapter.2}% 21
\BOOKMARK [2][-]{subsection.2.7.1}{\376\377\000g\000-\122\240\177\244\060\150\210\150\163\376}{section.2.7}% 22
\BOOKMARK [2][-]{subsection.2.7.2}{\376\377\210\150\163\376\060\156\000C\000a\000s\000i\000m\000i\000r\121\103}{section.2.7}% 23
\BOOKMARK [2][-]{subsection.2.7.3}{\376\377\000W\000e\000y\000l\060\156\133\232\164\006}{section.2.7}% 24
\BOOKMARK [2][-]{subsection.2.7.4}{\376\377\000J\000o\000r\000d\000a\000n\122\006\211\343\060\156\117\335\133\130}{section.2.7}% 25
\BOOKMARK [1][-]{section.2.8}{\376\377\000s\000l\000\050\0002\000,\000\040\000K\000\051\000\040\060\156\210\150\163\376}{chapter.2}% 26
\BOOKMARK [2][-]{subsection.2.8.1}{\376\377\060\246\060\250\060\244\060\310\060\150\151\165\131\047\060\331\060\257\060\310\060\353}{section.2.8}% 27
\BOOKMARK [2][-]{subsection.2.8.2}{\376\377\145\342\175\004\122\240\177\244\060\156\122\006\230\136}{section.2.8}% 28
\BOOKMARK [1][-]{section.2.9}{\376\377\060\353\060\374\060\310\172\172\225\223\122\006\211\343}{chapter.2}% 29
\BOOKMARK [2][-]{subsection.2.9.1}{\376\377\151\165\131\047\060\310\060\374\060\351\060\271\060\150\060\353\060\374\060\310}{section.2.9}% 30
\BOOKMARK [2][-]{subsection.2.9.2}{\376\377\151\165\131\047\060\310\060\374\060\351\060\271\060\156\116\055\137\303\123\026\116\343\145\160}{section.2.9}% 31
\BOOKMARK [2][-]{subsection.2.9.3}{\376\377\166\364\116\244\140\047}{section.2.9}% 32
\BOOKMARK [2][-]{subsection.2.9.4}{\376\377\145\164\140\047}{section.2.9}% 33
\BOOKMARK [2][-]{subsection.2.9.5}{\376\377\147\011\164\006\140\047}{section.2.9}% 34
\BOOKMARK [0][-]{appendix.A}{\376\377\060\331\060\257\060\310\060\353\172\172\225\223\060\156\212\161}{}% 35
\BOOKMARK [1][-]{section.A.1}{\376\377\060\331\060\257\060\310\060\353\172\172\225\223\060\156\166\364\172\115\060\373\166\364\124\214}{appendix.A}% 36
\BOOKMARK [0][-]{appendix*.5}{\376\377\123\302\200\003\145\207\163\056}{}% 37
